
> react-typescript-starter@0.0.0 test
> react-scripts test --coverage

FAIL src/App.test.tsx
  ✕ renders the course name somewhere (35 ms)

  ● renders the course name somewhere

    TestingLibraryElementError: Unable to find an element with the text: /CISC275/i. This could be because the text is broken up by multiple elements. In this case, you can provide a function for your text matcher to make your matcher more flexible.

    Ignored nodes: comments, script, style
    [36m<body>[39m
      [36m<div>[39m
        [36m<main>[39m
          [36m<div[39m
            [33mclass[39m=[32m"container"[39m
          [36m>[39m
            [36m<div[39m
              [33mclass[39m=[32m"box"[39m
            [36m>[39m
              [0mcar[0m
            [36m</div>[39m
          [36m</div>[39m
        [36m</main>[39m
      [36m</div>[39m
    [36m</body>[39m

       5 | test("renders the course name somewhere", () => {
       6 |     render(<App />);
    >  7 |     const linkElement = screen.getByText(/CISC275/i);
         |                                ^
       8 |     expect(linkElement).toBeInTheDocument();
       9 | });
      10 |

      at Object.getElementError (node_modules/@testing-library/dom/dist/config.js:40:19)
      at node_modules/@testing-library/dom/dist/query-helpers.js:90:38
      at node_modules/@testing-library/dom/dist/query-helpers.js:62:17
      at getByText (node_modules/@testing-library/dom/dist/query-helpers.js:111:19)
      at Object.<anonymous> (src/App.test.tsx:7:32)
      at TestScheduler.scheduleTests (node_modules/@jest/core/build/TestScheduler.js:333:13)
      at runJest (node_modules/@jest/core/build/runJest.js:404:19)
      at _run10000 (node_modules/@jest/core/build/cli/index.js:320:7)
      at runCLI (node_modules/@jest/core/build/cli/index.js:173:3)

--------------------|---------|----------|---------|---------|-------------------
File                | % Stmts | % Branch | % Funcs | % Lines | Uncovered Line #s 
--------------------|---------|----------|---------|---------|-------------------
All files           |   17.46 |      8.1 |    9.09 |   18.03 |                   
 App.tsx            |   62.85 |       50 |      50 |   66.66 | 44-46,51-53,57-65 
 Board.tsx          |       0 |        0 |       0 |       0 | 8-37              
 BoardSquare.tsx    |       0 |        0 |       0 |       0 | 13-26             
 Box.tsx            |       0 |        0 |       0 |       0 | 8-45              
 Container.tsx      |       0 |      100 |       0 |       0 | 12-75             
 Example.tsx        |       0 |      100 |       0 |       0 | 7-14              
 ItemTypes.ts       |       0 |      100 |     100 |       0 | 1                 
 Overlay.tsx        |       0 |      100 |       0 |       0 | 7-8               
 Pic.tsx            |       0 |      100 |       0 |       0 | 3-4               
 Square.tsx         |       0 |        0 |       0 |       0 | 7-11              
 constants.ts       |       0 |      100 |     100 |       0 | 1                 
 game.ts            |       0 |        0 |       0 |       0 | 1-32              
 index.tsx          |       0 |      100 |       0 |       0 | 350-683           
 interfaces.ts      |       0 |        0 |       0 |       0 |                   
 reportWebVitals.ts |       0 |        0 |       0 |       0 | 3-11              
 vehicle.ts         |       0 |        0 |       0 |       0 |                   
--------------------|---------|----------|---------|---------|-------------------
Test Suites: 1 failed, 1 total
Tests:       1 failed, 1 total
Snapshots:   0 total
Time:        2.441 s
Ran all test suites.
